build/app/intermediates/manifest_merge_blame_file/debug/manifest-merger-blame-debug-report.txt
1<?xml version="1.0" encoding="utf-8"?>
2<manifest xmlns:android="http://schemas.android.com/apk/res/android"
3    package="com.sidhant.flutterchatapp"
4    android:versionCode="1"
5    android:versionName="1.0.0" >
6
7    <uses-sdk
8        android:minSdkVersion="16"
9        android:targetSdkVersion="28" />
10    <!--
11         Flutter needs it to communicate with the running application
12         to allow setting breakpoints, to provide hot reload, etc.
13    -->
14    <uses-permission android:name="android.permission.INTERNET" />
14-->src\main\AndroidManifest.xml:9:5-66
14-->src\main\AndroidManifest.xml:9:22-64
15    <uses-permission android:name="android.permission.RECEIVE_BOOT_COMPLETED" />
15-->src\main\AndroidManifest.xml:10:5-80
15-->src\main\AndroidManifest.xml:10:22-78
16    <uses-permission android:name="android.permission.WAKE_LOCK" />
16-->src\main\AndroidManifest.xml:11:5-67
16-->src\main\AndroidManifest.xml:11:22-65
17    <uses-permission android:name="android.permission.ACCESS_NETWORK_STATE" />
17-->[com.google.android.gms:play-services-measurement:17.2.2] AndroidManifest.xml:24:5-79
17-->[com.google.android.gms:play-services-measurement:17.2.2] AndroidManifest.xml:24:22-76
18    <uses-permission android:name="com.google.android.finsky.permission.BIND_GET_INSTALL_REFERRER_SERVICE" /> <!-- Required by older versions of Google Play services to create IID tokens -->
18-->[com.google.android.gms:play-services-measurement:17.2.2] AndroidManifest.xml:26:5-110
18-->[com.google.android.gms:play-services-measurement:17.2.2] AndroidManifest.xml:26:22-107
19    <uses-permission android:name="com.google.android.c2dm.permission.RECEIVE" />
19-->[com.google.firebase:firebase-iid:20.0.2] AndroidManifest.xml:26:5-82
19-->[com.google.firebase:firebase-iid:20.0.2] AndroidManifest.xml:26:22-79
20
21    <application
21-->src\main\AndroidManifest.xml:13:5-50:19
22        android:name="io.flutter.app.FlutterApplication"
22-->src\main\AndroidManifest.xml:14:9-57
23        android:appComponentFactory="androidx.core.app.CoreComponentFactory"
23-->[androidx.core:core:1.1.0] AndroidManifest.xml:24:18-86
24        android:debuggable="true"
25        android:icon="@mipmap/ic_launcher"
25-->src\main\AndroidManifest.xml:16:9-43
26        android:label="flutterchatapp" >
26-->src\main\AndroidManifest.xml:15:9-39
27        <service
27-->src\main\AndroidManifest.xml:18:9-21:39
28            android:name="io.flutter.plugins.androidalarmmanager.AlarmService"
28-->src\main\AndroidManifest.xml:19:13-79
29            android:exported="false"
29-->src\main\AndroidManifest.xml:21:13-37
30            android:permission="android.permission.BIND_JOB_SERVICE" />
30-->src\main\AndroidManifest.xml:20:13-69
31
32        <receiver
32-->src\main\AndroidManifest.xml:22:9-24:39
33            android:name="io.flutter.plugins.androidalarmmanager.AlarmBroadcastReceiver"
33-->src\main\AndroidManifest.xml:23:13-89
34            android:exported="false" />
34-->src\main\AndroidManifest.xml:24:13-37
35        <receiver
35-->src\main\AndroidManifest.xml:25:9-31:20
36            android:name="io.flutter.plugins.androidalarmmanager.RebootBroadcastReceiver"
36-->src\main\AndroidManifest.xml:26:13-90
37            android:enabled="false" >
37-->src\main\AndroidManifest.xml:27:13-36
38            <intent-filter>
38-->src\main\AndroidManifest.xml:28:13-30:29
39                <action android:name="android.intent.action.BOOT_COMPLETED" />
39-->src\main\AndroidManifest.xml:29:17-86
39-->src\main\AndroidManifest.xml:29:25-76
40            </intent-filter>
41        </receiver>
42
43        <activity
43-->src\main\AndroidManifest.xml:33:9-44:20
44            android:name="com.corona.flutterchatapp.MainActivity"
44-->src\main\AndroidManifest.xml:34:13-41
45            android:configChanges="orientation|keyboardHidden|keyboard|screenSize|smallestScreenSize|locale|layoutDirection|fontScale|screenLayout|density|uiMode"
45-->src\main\AndroidManifest.xml:37:13-163
46            android:hardwareAccelerated="true"
46-->src\main\AndroidManifest.xml:38:13-47
47            android:launchMode="singleTop"
47-->src\main\AndroidManifest.xml:35:13-43
48            android:theme="@style/LaunchTheme"
48-->src\main\AndroidManifest.xml:36:13-47
49            android:windowSoftInputMode="adjustResize" >
49-->src\main\AndroidManifest.xml:39:13-55
50            <intent-filter>
50-->src\main\AndroidManifest.xml:40:13-43:29
51                <action android:name="android.intent.action.MAIN" />
51-->src\main\AndroidManifest.xml:41:17-68
51-->src\main\AndroidManifest.xml:41:25-66
52
53                <category android:name="android.intent.category.LAUNCHER" />
53-->src\main\AndroidManifest.xml:42:17-76
53-->src\main\AndroidManifest.xml:42:27-74
54            </intent-filter>
55        </activity>
56        <!--
57             Don't delete the meta-data below.
58             This is used by the Flutter tool to generate GeneratedPluginRegistrant.java
59        -->
60        <meta-data
60-->src\main\AndroidManifest.xml:47:9-49:33
61            android:name="flutterEmbedding"
61-->src\main\AndroidManifest.xml:48:13-44
62            android:value="2" />
62-->src\main\AndroidManifest.xml:49:13-30
63
64        <service
64-->[:firebase_auth] AndroidManifest.xml:8:9-12:19
65            android:name="com.google.firebase.components.ComponentDiscoveryService"
65-->[:firebase_auth] AndroidManifest.xml:8:18-89
66            android:directBootAware="true"
66-->[com.google.firebase:firebase-common:19.3.0] AndroidManifest.xml:34:13-43
67            android:exported="false" >
67-->[com.google.firebase:firebase-auth:19.2.0] AndroidManifest.xml:35:13-37
68            <meta-data
68-->[:firebase_auth] AndroidManifest.xml:9:13-11:85
69                android:name="com.google.firebase.components:io.flutter.plugins.firebaseauth.FlutterFirebaseAppRegistrar"
69-->[:firebase_auth] AndroidManifest.xml:10:17-122
70                android:value="com.google.firebase.components.ComponentRegistrar" />
70-->[:firebase_auth] AndroidManifest.xml:11:17-82
71            <meta-data
71-->[:cloud_firestore] AndroidManifest.xml:9:13-11:85
72                android:name="com.google.firebase.components:io.flutter.plugins.firebase.cloudfirestore.FlutterFirebaseAppRegistrar"
72-->[:cloud_firestore] AndroidManifest.xml:10:17-133
73                android:value="com.google.firebase.components.ComponentRegistrar" />
73-->[:cloud_firestore] AndroidManifest.xml:11:17-82
74            <meta-data
74-->[:firebase_core] AndroidManifest.xml:9:13-11:85
75                android:name="com.google.firebase.components:io.flutter.plugins.firebase.core.FlutterFirebaseAppRegistrar"
75-->[:firebase_core] AndroidManifest.xml:10:17-123
76                android:value="com.google.firebase.components.ComponentRegistrar" />
76-->[:firebase_core] AndroidManifest.xml:11:17-82
77            <meta-data
77-->[com.google.firebase:firebase-auth:19.2.0] AndroidManifest.xml:36:13-38:85
78                android:name="com.google.firebase.components:com.google.firebase.auth.FirebaseAuthRegistrar"
78-->[com.google.firebase:firebase-auth:19.2.0] AndroidManifest.xml:37:17-109
79                android:value="com.google.firebase.components.ComponentRegistrar" />
79-->[com.google.firebase:firebase-auth:19.2.0] AndroidManifest.xml:38:17-82
80            <meta-data
80-->[com.google.android.gms:play-services-measurement-api:17.2.2] AndroidManifest.xml:30:13-32:85
81                android:name="com.google.firebase.components:com.google.firebase.analytics.connector.internal.AnalyticsConnectorRegistrar"
81-->[com.google.android.gms:play-services-measurement-api:17.2.2] AndroidManifest.xml:31:17-139
82                android:value="com.google.firebase.components.ComponentRegistrar" />
82-->[com.google.android.gms:play-services-measurement-api:17.2.2] AndroidManifest.xml:32:17-82
83            <meta-data
83-->[com.google.firebase:firebase-firestore:21.3.0] AndroidManifest.xml:20:13-22:85
84                android:name="com.google.firebase.components:com.google.firebase.firestore.FirestoreRegistrar"
84-->[com.google.firebase:firebase-firestore:21.3.0] AndroidManifest.xml:21:17-111
85                android:value="com.google.firebase.components.ComponentRegistrar" />
85-->[com.google.firebase:firebase-firestore:21.3.0] AndroidManifest.xml:22:17-82
86            <meta-data
86-->[com.google.firebase:firebase-iid:20.0.2] AndroidManifest.xml:32:13-34:85
87                android:name="com.google.firebase.components:com.google.firebase.iid.Registrar"
87-->[com.google.firebase:firebase-iid:20.0.2] AndroidManifest.xml:33:17-96
88                android:value="com.google.firebase.components.ComponentRegistrar" />
88-->[com.google.firebase:firebase-iid:20.0.2] AndroidManifest.xml:34:17-82
89        </service>
90
91        <activity
91-->[com.google.firebase:firebase-auth:19.2.0] AndroidManifest.xml:24:9-31:50
92            android:name="com.google.firebase.auth.internal.FederatedSignInActivity"
92-->[com.google.firebase:firebase-auth:19.2.0] AndroidManifest.xml:25:13-85
93            android:excludeFromRecents="true"
93-->[com.google.firebase:firebase-auth:19.2.0] AndroidManifest.xml:26:13-46
94            android:exported="true"
94-->[com.google.firebase:firebase-auth:19.2.0] AndroidManifest.xml:27:13-36
95            android:launchMode="singleTask"
95-->[com.google.firebase:firebase-auth:19.2.0] AndroidManifest.xml:28:13-44
96            android:permission="com.google.firebase.auth.api.gms.permission.LAUNCH_FEDERATED_SIGN_IN"
96-->[com.google.firebase:firebase-auth:19.2.0] AndroidManifest.xml:29:13-102
97            android:theme="@android:style/Theme.Translucent.NoTitleBar" />
97-->[com.google.firebase:firebase-auth:19.2.0] AndroidManifest.xml:30:13-72
98
99        <receiver
99-->[com.google.android.gms:play-services-measurement:17.2.2] AndroidManifest.xml:29:9-33:20
100            android:name="com.google.android.gms.measurement.AppMeasurementReceiver"
100-->[com.google.android.gms:play-services-measurement:17.2.2] AndroidManifest.xml:30:13-85
101            android:enabled="true"
101-->[com.google.android.gms:play-services-measurement:17.2.2] AndroidManifest.xml:31:13-35
102            android:exported="false" >
102-->[com.google.android.gms:play-services-measurement:17.2.2] AndroidManifest.xml:32:13-37
103        </receiver>
104        <receiver
104-->[com.google.android.gms:play-services-measurement:17.2.2] AndroidManifest.xml:34:9-42:20
105            android:name="com.google.android.gms.measurement.AppMeasurementInstallReferrerReceiver"
105-->[com.google.android.gms:play-services-measurement:17.2.2] AndroidManifest.xml:35:13-100
106            android:enabled="true"
106-->[com.google.android.gms:play-services-measurement:17.2.2] AndroidManifest.xml:36:13-35
107            android:exported="true"
107-->[com.google.android.gms:play-services-measurement:17.2.2] AndroidManifest.xml:37:13-36
108            android:permission="android.permission.INSTALL_PACKAGES" >
108-->[com.google.android.gms:play-services-measurement:17.2.2] AndroidManifest.xml:38:13-69
109            <intent-filter>
109-->[com.google.android.gms:play-services-measurement:17.2.2] AndroidManifest.xml:39:13-41:29
110                <action android:name="com.android.vending.INSTALL_REFERRER" />
110-->[com.google.android.gms:play-services-measurement:17.2.2] AndroidManifest.xml:40:17-79
110-->[com.google.android.gms:play-services-measurement:17.2.2] AndroidManifest.xml:40:25-76
111            </intent-filter>
112        </receiver>
113
114        <service
114-->[com.google.android.gms:play-services-measurement:17.2.2] AndroidManifest.xml:44:9-47:40
115            android:name="com.google.android.gms.measurement.AppMeasurementService"
115-->[com.google.android.gms:play-services-measurement:17.2.2] AndroidManifest.xml:45:13-84
116            android:enabled="true"
116-->[com.google.android.gms:play-services-measurement:17.2.2] AndroidManifest.xml:46:13-35
117            android:exported="false" />
117-->[com.google.android.gms:play-services-measurement:17.2.2] AndroidManifest.xml:47:13-37
118        <service
118-->[com.google.android.gms:play-services-measurement:17.2.2] AndroidManifest.xml:48:9-52:72
119            android:name="com.google.android.gms.measurement.AppMeasurementJobService"
119-->[com.google.android.gms:play-services-measurement:17.2.2] AndroidManifest.xml:49:13-87
120            android:enabled="true"
120-->[com.google.android.gms:play-services-measurement:17.2.2] AndroidManifest.xml:50:13-35
121            android:exported="false"
121-->[com.google.android.gms:play-services-measurement:17.2.2] AndroidManifest.xml:51:13-37
122            android:permission="android.permission.BIND_JOB_SERVICE" />
122-->[com.google.android.gms:play-services-measurement:17.2.2] AndroidManifest.xml:52:13-69
123
124        <receiver
124-->[com.google.firebase:firebase-iid:20.0.2] AndroidManifest.xml:37:9-44:20
125            android:name="com.google.firebase.iid.FirebaseInstanceIdReceiver"
125-->[com.google.firebase:firebase-iid:20.0.2] AndroidManifest.xml:38:13-78
126            android:exported="true"
126-->[com.google.firebase:firebase-iid:20.0.2] AndroidManifest.xml:39:13-36
127            android:permission="com.google.android.c2dm.permission.SEND" >
127-->[com.google.firebase:firebase-iid:20.0.2] AndroidManifest.xml:40:13-73
128            <intent-filter>
128-->[com.google.firebase:firebase-iid:20.0.2] AndroidManifest.xml:41:13-43:29
129                <action android:name="com.google.android.c2dm.intent.RECEIVE" />
129-->[com.google.firebase:firebase-iid:20.0.2] AndroidManifest.xml:42:17-81
129-->[com.google.firebase:firebase-iid:20.0.2] AndroidManifest.xml:42:25-78
130            </intent-filter>
131        </receiver>
132
133        <provider
133-->[com.google.firebase:firebase-common:19.3.0] AndroidManifest.xml:26:9-30:39
134            android:name="com.google.firebase.provider.FirebaseInitProvider"
134-->[com.google.firebase:firebase-common:19.3.0] AndroidManifest.xml:27:13-77
135            android:authorities="com.sidhant.flutterchatapp.firebaseinitprovider"
135-->[com.google.firebase:firebase-common:19.3.0] AndroidManifest.xml:28:13-72
136            android:exported="false"
136-->[com.google.firebase:firebase-common:19.3.0] AndroidManifest.xml:29:13-37
137            android:initOrder="100" />
137-->[com.google.firebase:firebase-common:19.3.0] AndroidManifest.xml:30:13-36
138
139        <activity
139-->[com.google.android.gms:play-services-base:17.1.0] AndroidManifest.xml:23:9-26:75
140            android:name="com.google.android.gms.common.api.GoogleApiActivity"
140-->[com.google.android.gms:play-services-base:17.1.0] AndroidManifest.xml:24:13-79
141            android:exported="false"
141-->[com.google.android.gms:play-services-base:17.1.0] AndroidManifest.xml:25:13-37
142            android:theme="@android:style/Theme.Translucent.NoTitleBar" />
142-->[com.google.android.gms:play-services-base:17.1.0] AndroidManifest.xml:26:13-72
143
144        <meta-data
144-->[com.google.android.gms:play-services-basement:17.0.0] AndroidManifest.xml:23:9-25:69
145            android:name="com.google.android.gms.version"
145-->[com.google.android.gms:play-services-basement:17.0.0] AndroidManifest.xml:24:13-58
146            android:value="@integer/google_play_services_version" />
146-->[com.google.android.gms:play-services-basement:17.0.0] AndroidManifest.xml:25:13-66
147    </application>
148
149</manifest>